2023-09-25T19:29:33.270+05:30  INFO 13356 --- [restartedMain] com.project.task.TaskApplication         : Starting TaskApplication using Java 17.0.7 with PID 13356 (C:\Users\NIRANGA\Desktop\Spring\Task\target\classes started by niranga in C:\Users\NIRANGA\Desktop\Spring\Task)
2023-09-25T19:29:33.301+05:30  INFO 13356 --- [restartedMain] com.project.task.TaskApplication         : No active profile set, falling back to 1 default profile: "default"
2023-09-25T19:29:33.529+05:30  INFO 13356 --- [restartedMain] .e.DevToolsPropertyDefaultsPostProcessor : Devtools property defaults active! Set 'spring.devtools.add-properties' to 'false' to disable
2023-09-25T19:29:33.530+05:30  INFO 13356 --- [restartedMain] .e.DevToolsPropertyDefaultsPostProcessor : For additional web related logging consider setting the 'logging.level.web' property to 'DEBUG'
2023-09-25T19:29:36.149+05:30  INFO 13356 --- [restartedMain] .s.d.r.c.RepositoryConfigurationDelegate : Bootstrapping Spring Data JPA repositories in DEFAULT mode.
2023-09-25T19:29:36.475+05:30  INFO 13356 --- [restartedMain] .s.d.r.c.RepositoryConfigurationDelegate : Finished Spring Data repository scanning in 281 ms. Found 1 JPA repository interfaces.
2023-09-25T19:29:39.820+05:30  INFO 13356 --- [restartedMain] o.s.b.w.embedded.tomcat.TomcatWebServer  : Tomcat initialized with port(s): 8989 (http)
2023-09-25T19:29:39.869+05:30  INFO 13356 --- [restartedMain] o.apache.catalina.core.StandardService   : Starting service [Tomcat]
2023-09-25T19:29:39.871+05:30  INFO 13356 --- [restartedMain] o.apache.catalina.core.StandardEngine    : Starting Servlet engine: [Apache Tomcat/10.1.11]
2023-09-25T19:29:40.256+05:30  INFO 13356 --- [restartedMain] o.a.c.c.C.[Tomcat].[localhost].[/]       : Initializing Spring embedded WebApplicationContext
2023-09-25T19:29:40.258+05:30  INFO 13356 --- [restartedMain] w.s.c.ServletWebServerApplicationContext : Root WebApplicationContext: initialization completed in 6724 ms
2023-09-25T19:29:41.057+05:30  INFO 13356 --- [restartedMain] o.hibernate.jpa.internal.util.LogHelper  : HHH000204: Processing PersistenceUnitInfo [name: default]
2023-09-25T19:29:41.399+05:30  INFO 13356 --- [restartedMain] org.hibernate.Version                    : HHH000412: Hibernate ORM core version 6.2.6.Final
2023-09-25T19:29:41.412+05:30  INFO 13356 --- [restartedMain] org.hibernate.cfg.Environment            : HHH000406: Using bytecode reflection optimizer
2023-09-25T19:29:42.160+05:30  INFO 13356 --- [restartedMain] o.h.b.i.BytecodeProviderInitiator        : HHH000021: Bytecode provider name : bytebuddy
2023-09-25T19:29:42.744+05:30  INFO 13356 --- [restartedMain] o.s.o.j.p.SpringPersistenceUnitInfo      : No LoadTimeWeaver setup: ignoring JPA class transformer
2023-09-25T19:29:42.807+05:30  INFO 13356 --- [restartedMain] com.zaxxer.hikari.HikariDataSource       : HikariPool-1 - Starting...
2023-09-25T19:29:43.785+05:30  INFO 13356 --- [restartedMain] com.zaxxer.hikari.pool.HikariPool        : HikariPool-1 - Added connection com.mysql.cj.jdbc.ConnectionImpl@2feb3318
2023-09-25T19:29:43.792+05:30  INFO 13356 --- [restartedMain] com.zaxxer.hikari.HikariDataSource       : HikariPool-1 - Start completed.
2023-09-25T19:29:44.802+05:30  INFO 13356 --- [restartedMain] o.h.b.i.BytecodeProviderInitiator        : HHH000021: Bytecode provider name : bytebuddy
2023-09-25T19:29:46.894+05:30  INFO 13356 --- [restartedMain] o.h.e.t.j.p.i.JtaPlatformInitiator       : HHH000490: Using JtaPlatform implementation: [org.hibernate.engine.transaction.jta.platform.internal.NoJtaPlatform]
2023-09-25T19:29:47.128+05:30  INFO 13356 --- [restartedMain] j.LocalContainerEntityManagerFactoryBean : Initialized JPA EntityManagerFactory for persistence unit 'default'
2023-09-25T19:29:48.185+05:30  WARN 13356 --- [restartedMain] JpaBaseConfiguration$JpaWebConfiguration : spring.jpa.open-in-view is enabled by default. Therefore, database queries may be performed during view rendering. Explicitly configure spring.jpa.open-in-view to disable this warning
2023-09-25T19:29:49.693+05:30  INFO 13356 --- [restartedMain] o.s.b.d.a.OptionalLiveReloadServer       : LiveReload server is running on port 35729
2023-09-25T19:29:49.916+05:30  INFO 13356 --- [restartedMain] o.s.b.w.embedded.tomcat.TomcatWebServer  : Tomcat started on port(s): 8989 (http) with context path ''
2023-09-25T19:29:49.956+05:30  INFO 13356 --- [restartedMain] com.project.task.TaskApplication         : Started TaskApplication in 18.227 seconds (process running for 21.6)
2023-09-25T19:40:32.151+05:30  INFO 13356 --- [http-nio-8989-exec-1] o.a.c.c.C.[Tomcat].[localhost].[/]       : Initializing Spring DispatcherServlet 'dispatcherServlet'
2023-09-25T19:40:32.158+05:30  INFO 13356 --- [http-nio-8989-exec-1] o.s.web.servlet.DispatcherServlet        : Initializing Servlet 'dispatcherServlet'
2023-09-25T19:40:32.166+05:30  INFO 13356 --- [http-nio-8989-exec-1] o.s.web.servlet.DispatcherServlet        : Completed initialization in 4 ms
2023-09-25T19:48:06.787+05:30  INFO 13356 --- [RMI TCP Connection(29)-127.0.0.1] inMXBeanRegistrar$SpringApplicationAdmin : Application shutdown requested.
2023-09-25T19:48:06.882+05:30  INFO 13356 --- [RMI TCP Connection(29)-127.0.0.1] o.apache.catalina.core.StandardService   : Stopping service [Tomcat]
2023-09-25T19:48:06.888+05:30  INFO 13356 --- [RMI TCP Connection(29)-127.0.0.1] o.a.c.c.C.[Tomcat].[localhost].[/]       : Destroying Spring FrameworkServlet 'dispatcherServlet'
2023-09-25T19:48:06.945+05:30  INFO 13356 --- [RMI TCP Connection(29)-127.0.0.1] j.LocalContainerEntityManagerFactoryBean : Closing JPA EntityManagerFactory for persistence unit 'default'
2023-09-25T19:48:06.960+05:30  INFO 13356 --- [RMI TCP Connection(29)-127.0.0.1] com.zaxxer.hikari.HikariDataSource       : HikariPool-1 - Shutdown initiated...
2023-09-25T19:48:07.030+05:30  INFO 13356 --- [RMI TCP Connection(29)-127.0.0.1] com.zaxxer.hikari.HikariDataSource       : HikariPool-1 - Shutdown completed.
